<?xml version="1.0" encoding="UTF-8"?>
<testsuite xmlns:xsi="http://www.w3.org/2001/XMLSchema-instance" xsi:noNamespaceSchemaLocation="https://maven.apache.org/surefire/maven-surefire-plugin/xsd/surefire-test-report.xsd" name="RunCucumberTest" time="1.609" tests="2" errors="0" skipped="0" failures="2">
  <properties>
[...]
</properties>
  <testcase name="runScenario" classname="RunCucumberTest" time="0.215">
    <failure type="java.lang.ExceptionInInitializerError">java.lang.ExceptionInInitializerError
Caused by: java.lang.NullPointerException: Cannot invoke "java.io.InputStream.close()" because "utils.PropertiesFileReader.inputStream" is null
</failure>
    <system-out><![CDATA[Exception: java.io.FileNotFoundException: property file 'null.properties' not found in the classpath 1234
]]></system-out>
    <system-err><![CDATA[SLF4J: Failed to load class "org.slf4j.impl.StaticLoggerBinder".
SLF4J: Defaulting to no-operation (NOP) logger implementation
SLF4J: See http://www.slf4j.org/codes.html#StaticLoggerBinder for further details.
]]></system-err>
  </testcase>
  <testcase name="runScenario" classname="RunCucumberTest" time="0.216">
    <failure message="Could not initialize class steps.BaseSteps" type="java.lang.NoClassDefFoundError">java.lang.NoClassDefFoundError: Could not initialize class steps.BaseSteps
Caused by: java.lang.ExceptionInInitializerError: Exception java.lang.NullPointerException [in thread "TestNG-PoolService-1"]
</failure>
  </testcase>
</testsuite>